c:\users\deepika\desktop\remotecoderepository\mockchannel\debug\vc140.pdb
c:\users\deepika\desktop\remotecoderepository\mockchannel\debug\vc140.idb
c:\users\deepika\desktop\remotecoderepository\mockchannel\debug\filesystem.obj
c:\users\deepika\desktop\remotecoderepository\mockchannel\debug\httpmessage.obj
c:\users\deepika\desktop\remotecoderepository\mockchannel\debug\cpp11-blockingqueue.obj
c:\users\deepika\desktop\remotecoderepository\mockchannel\debug\logger.obj
c:\users\deepika\desktop\remotecoderepository\mockchannel\debug\sockets.obj
c:\users\deepika\desktop\remotecoderepository\mockchannel\debug\client.obj
c:\users\deepika\desktop\remotecoderepository\mockchannel\debug\utilities.obj
c:\users\deepika\desktop\remotecoderepository\mockchannel\debug\xmldocument.obj
c:\users\deepika\desktop\remotecoderepository\mockchannel\debug\tokenizer.obj
c:\users\deepika\desktop\remotecoderepository\mockchannel\debug\xmlelementparts.obj
c:\users\deepika\desktop\remotecoderepository\mockchannel\debug\xmlelement.obj
c:\users\deepika\desktop\remotecoderepository\mockchannel\debug\xmlparser.obj
c:\users\deepika\desktop\remotecoderepository\mockchannel\debug\xmlmsggenerator.obj
c:\users\deepika\desktop\remotecoderepository\mockchannel\debug\mockchannel.obj
c:\users\deepika\desktop\remotecoderepository\debug\mockchannel.ilk
c:\users\deepika\desktop\remotecoderepository\debug\mockchannel.dll
c:\users\deepika\desktop\remotecoderepository\debug\mockchannel.pdb
c:\users\deepika\desktop\remotecoderepository\debug\mockchannel.lib
c:\users\deepika\desktop\remotecoderepository\debug\mockchannel.exp
c:\users\deepika\desktop\remotecoderepository\mockchannel\debug\mockchannel.tlog\cl.command.1.tlog
c:\users\deepika\desktop\remotecoderepository\mockchannel\debug\mockchannel.tlog\cl.read.1.tlog
c:\users\deepika\desktop\remotecoderepository\mockchannel\debug\mockchannel.tlog\cl.write.1.tlog
c:\users\deepika\desktop\remotecoderepository\mockchannel\debug\mockchannel.tlog\link.command.1.tlog
c:\users\deepika\desktop\remotecoderepository\mockchannel\debug\mockchannel.tlog\link.read.1.tlog
c:\users\deepika\desktop\remotecoderepository\mockchannel\debug\mockchannel.tlog\link.write.1.tlog
c:\users\deepika\desktop\remotecoderepository\mockchannel\debug\mockchannel.tlog\mockchannel.write.1u.tlog
