c:\users\deepika\desktop\remotecoderepository\repository\debug\vc140.pdb
c:\users\deepika\desktop\remotecoderepository\repository\debug\vc140.idb
c:\users\deepika\desktop\remotecoderepository\repository\debug\filesystem.obj
c:\users\deepika\desktop\remotecoderepository\repository\debug\httpmessage.obj
c:\users\deepika\desktop\remotecoderepository\repository\debug\xmldocument.obj
c:\users\deepika\desktop\remotecoderepository\repository\debug\tokenizer.obj
c:\users\deepika\desktop\remotecoderepository\repository\debug\xmlelementparts.obj
c:\users\deepika\desktop\remotecoderepository\repository\debug\xmlelement.obj
c:\users\deepika\desktop\remotecoderepository\repository\debug\xmlparser.obj
c:\users\deepika\desktop\remotecoderepository\repository\debug\xmlmsggenerator.obj
c:\users\deepika\desktop\remotecoderepository\repository\debug\metadata.obj
c:\users\deepika\desktop\remotecoderepository\repository\debug\repository.obj
c:\users\deepika\desktop\remotecoderepository\debug\repository.ilk
c:\users\deepika\desktop\remotecoderepository\debug\repository.exe
c:\users\deepika\desktop\remotecoderepository\debug\repository.pdb
c:\users\deepika\desktop\remotecoderepository\repository\debug\repository.tlog\cl.command.1.tlog
c:\users\deepika\desktop\remotecoderepository\repository\debug\repository.tlog\cl.read.1.tlog
c:\users\deepika\desktop\remotecoderepository\repository\debug\repository.tlog\cl.write.1.tlog
c:\users\deepika\desktop\remotecoderepository\repository\debug\repository.tlog\link.command.1.tlog
c:\users\deepika\desktop\remotecoderepository\repository\debug\repository.tlog\link.read.1.tlog
c:\users\deepika\desktop\remotecoderepository\repository\debug\repository.tlog\link.write.1.tlog
