c:\users\deepika\desktop\remotecoderepository\stringserver\debug\vc140.pdb
c:\users\deepika\desktop\remotecoderepository\stringserver\debug\vc140.idb
c:\users\deepika\desktop\remotecoderepository\stringserver\debug\filesystem.obj
c:\users\deepika\desktop\remotecoderepository\stringserver\debug\httpmessage.obj
c:\users\deepika\desktop\remotecoderepository\stringserver\debug\cpp11-blockingqueue.obj
c:\users\deepika\desktop\remotecoderepository\stringserver\debug\logger.obj
c:\users\deepika\desktop\remotecoderepository\stringserver\debug\metadata.obj
c:\users\deepika\desktop\remotecoderepository\stringserver\debug\repository.obj
c:\users\deepika\desktop\remotecoderepository\stringserver\debug\sockets.obj
c:\users\deepika\desktop\remotecoderepository\stringserver\debug\utilities.obj
c:\users\deepika\desktop\remotecoderepository\stringserver\debug\xmldocument.obj
c:\users\deepika\desktop\remotecoderepository\stringserver\debug\tokenizer.obj
c:\users\deepika\desktop\remotecoderepository\stringserver\debug\xmlelementparts.obj
c:\users\deepika\desktop\remotecoderepository\stringserver\debug\xmlelement.obj
c:\users\deepika\desktop\remotecoderepository\stringserver\debug\xmlparser.obj
c:\users\deepika\desktop\remotecoderepository\stringserver\debug\xmlmsggenerator.obj
c:\users\deepika\desktop\remotecoderepository\stringserver\debug\server.obj
c:\users\deepika\desktop\remotecoderepository\debug\server.ilk
c:\users\deepika\desktop\remotecoderepository\debug\server.exe
c:\users\deepika\desktop\remotecoderepository\debug\server.pdb
c:\users\deepika\desktop\remotecoderepository\stringserver\debug\server.tlog\cl.command.1.tlog
c:\users\deepika\desktop\remotecoderepository\stringserver\debug\server.tlog\cl.read.1.tlog
c:\users\deepika\desktop\remotecoderepository\stringserver\debug\server.tlog\cl.write.1.tlog
c:\users\deepika\desktop\remotecoderepository\stringserver\debug\server.tlog\link.command.1.tlog
c:\users\deepika\desktop\remotecoderepository\stringserver\debug\server.tlog\link.read.1.tlog
c:\users\deepika\desktop\remotecoderepository\stringserver\debug\server.tlog\link.write.1.tlog
