c:\users\deepika\desktop\remotecoderepository\stringclient\debug\vc140.pdb
c:\users\deepika\desktop\remotecoderepository\stringclient\debug\vc140.idb
c:\users\deepika\desktop\remotecoderepository\stringclient\debug\filesystem.obj
c:\users\deepika\desktop\remotecoderepository\stringclient\debug\httpmessage.obj
c:\users\deepika\desktop\remotecoderepository\stringclient\debug\cpp11-blockingqueue.obj
c:\users\deepika\desktop\remotecoderepository\stringclient\debug\logger.obj
c:\users\deepika\desktop\remotecoderepository\stringclient\debug\sockets.obj
c:\users\deepika\desktop\remotecoderepository\stringclient\debug\utilities.obj
c:\users\deepika\desktop\remotecoderepository\stringclient\debug\xmldocument.obj
c:\users\deepika\desktop\remotecoderepository\stringclient\debug\tokenizer.obj
c:\users\deepika\desktop\remotecoderepository\stringclient\debug\xmlelementparts.obj
c:\users\deepika\desktop\remotecoderepository\stringclient\debug\xmlelement.obj
c:\users\deepika\desktop\remotecoderepository\stringclient\debug\xmlparser.obj
c:\users\deepika\desktop\remotecoderepository\stringclient\debug\xmlmsggenerator.obj
c:\users\deepika\desktop\remotecoderepository\stringclient\debug\client.obj
c:\users\deepika\desktop\remotecoderepository\debug\client.ilk
c:\users\deepika\desktop\remotecoderepository\debug\client.exe
c:\users\deepika\desktop\remotecoderepository\debug\client.pdb
c:\users\deepika\desktop\remotecoderepository\stringclient\debug\client.tlog\cl.command.1.tlog
c:\users\deepika\desktop\remotecoderepository\stringclient\debug\client.tlog\cl.read.1.tlog
c:\users\deepika\desktop\remotecoderepository\stringclient\debug\client.tlog\cl.write.1.tlog
c:\users\deepika\desktop\remotecoderepository\stringclient\debug\client.tlog\link.command.1.tlog
c:\users\deepika\desktop\remotecoderepository\stringclient\debug\client.tlog\link.read.1.tlog
c:\users\deepika\desktop\remotecoderepository\stringclient\debug\client.tlog\link.write.1.tlog
