c:\users\deepika\desktop\remotecoderepository\gui\debug\vc140.pdb
c:\users\deepika\desktop\remotecoderepository\gui\debug\gui.obj
c:\users\deepika\desktop\remotecoderepository\gui\debug\httpmessage.obj
c:\users\deepika\desktop\remotecoderepository\gui\debug\.netframework,version=v4.5.2.assemblyattributes.obj
c:\users\deepika\desktop\remotecoderepository\gui\debug\.netframework,version=v4.5.2.assemblyattributes.asm
c:\users\deepika\desktop\remotecoderepository\gui\debug\gui.gui.resources
c:\users\deepika\desktop\remotecoderepository\debug\gui.exe
c:\users\deepika\desktop\remotecoderepository\debug\gui.pdb
c:\users\deepika\desktop\remotecoderepository\gui\debug\gui.vcxproj.generateresource.cache
c:\users\deepika\desktop\remotecoderepository\gui\debug\gui.vcxprojresolveassemblyreference.cache
c:\users\deepika\desktop\remotecoderepository\gui\debug\gui.tlog\cl.command.1.tlog
c:\users\deepika\desktop\remotecoderepository\gui\debug\gui.tlog\cl.read.1.tlog
c:\users\deepika\desktop\remotecoderepository\gui\debug\gui.tlog\cl.write.1.tlog
c:\users\deepika\desktop\remotecoderepository\gui\debug\gui.tlog\gui.write.1u.tlog
c:\users\deepika\desktop\remotecoderepository\gui\debug\gui.tlog\link.command.1.tlog
c:\users\deepika\desktop\remotecoderepository\gui\debug\gui.tlog\link.read.1.tlog
c:\users\deepika\desktop\remotecoderepository\gui\debug\gui.tlog\link.write.1.tlog
c:\users\deepika\desktop\remotecoderepository\gui\debug\gui.tlog\metagen.read.1.tlog
c:\users\deepika\desktop\remotecoderepository\gui\debug\gui.tlog\metagen.write.1.tlog
c:\users\deepika\desktop\remotecoderepository\gui\debug\gui.tlog\tzres.dll.bi
